2024-11-14 14:54:35 INFO  Log:22 - Executing the openBrowser keyword
2024-11-14 14:54:35 INFO  Log:22 - The Chrome browser is opening
2024-11-14 14:54:39 INFO  Log:22 - The Chrome browser is opened successfully
2024-11-14 14:54:39 INFO  Log:22 - The openBrowser keyword executed successfully
2024-11-14 14:54:39 INFO  Log:22 - Executing the openURL keyword
2024-11-14 14:54:39 INFO  Log:22 - The url https://art-sit-admin.convergentechnologies.com/#/auth/login is opening
2024-11-14 14:54:47 INFO  Log:22 - The url https://art-sit-admin.convergentechnologies.com/#/auth/login is opened successfully
2024-11-14 14:54:47 INFO  Log:22 - The openURL keyword executed successfully
2024-11-14 14:54:48 INFO  Log:11 - =====================================verifyAIroastamaniLogo TEST START=========================================
2024-11-14 14:54:48 INFO  Log:22 - Verifying the AI Roastamani Logo is Displayed in the Login Page
2024-11-14 14:54:48 INFO  Log:22 - The AI Roastamani Logo is Displayed successfully in the Login Page
2024-11-14 14:54:48 INFO  Log:15 - =====================================verifyAIroastamaniLogo TEST END=========================================
2024-11-14 14:54:48 INFO  Log:11 - =====================================verifyTitle TEST START=========================================
2024-11-14 14:54:48 INFO  Log:22 - Verifying the Title "ART - ADMIN" of the page is displayed
2024-11-14 14:54:48 INFO  Log:22 - The Title "ART - ADMIN" is displayed successfully
2024-11-14 14:54:48 INFO  Log:15 - =====================================verifyTitle TEST END=========================================
2024-11-14 14:54:48 INFO  Log:11 - =====================================verifyemailtext TEST START=========================================
2024-11-14 14:54:48 INFO  Log:22 - Verifying the "Email" text is displayed in the username field
2024-11-14 14:54:49 INFO  Log:22 - The "Email" text is displayed successfully in the username field
2024-11-14 14:54:49 INFO  Log:15 - =====================================verifyemailtext TEST END=========================================
2024-11-14 14:54:49 INFO  Log:11 - =====================================verifypasswordtext TEST START=========================================
2024-11-14 14:54:49 INFO  Log:22 - Verifying the "password" text is displayed in the username field
2024-11-14 14:54:49 INFO  Log:22 - The "password" text is displayed successfully in the username field
2024-11-14 14:54:49 INFO  Log:15 - =====================================verifypasswordtext TEST END=========================================
2024-11-14 14:54:49 INFO  Log:11 - =====================================verifyusrnameRequiredtext TEST START=========================================
2024-11-14 14:54:49 INFO  Log:22 - Verifying the required field text is displayed for the username field
2024-11-14 14:54:49 INFO  Log:22 - Executing the click keyword
2024-11-14 14:54:49 INFO  Log:22 - The [[ChromeDriver: chrome on windows (b72f8c604eaadf51ae00eb9a7edafd5f)] -> xpath: //button[@id='kt_login_signin_submit']] is trying to click
2024-11-14 14:54:49 INFO  Log:22 - The [[ChromeDriver: chrome on windows (b72f8c604eaadf51ae00eb9a7edafd5f)] -> xpath: //button[@id='kt_login_signin_submit']] is clicked successfully
2024-11-14 14:54:49 INFO  Log:22 - The click keyword executed successfully
2024-11-14 14:54:50 INFO  Log:22 - The required field text is displayed successfully for the username field
2024-11-14 14:54:50 INFO  Log:15 - =====================================verifyusrnameRequiredtext TEST END=========================================
2024-11-14 14:54:50 INFO  Log:11 - =====================================verifypasswordRequiredtext TEST START=========================================
2024-11-14 14:54:50 INFO  Log:22 - Verifying the required field text is displayed for the password field
2024-11-14 14:54:50 INFO  Log:22 - Executing the click keyword
2024-11-14 14:54:50 INFO  Log:22 - The [[ChromeDriver: chrome on windows (b72f8c604eaadf51ae00eb9a7edafd5f)] -> xpath: //button[@id='kt_login_signin_submit']] is trying to click
2024-11-14 14:54:50 INFO  Log:22 - The [[ChromeDriver: chrome on windows (b72f8c604eaadf51ae00eb9a7edafd5f)] -> xpath: //button[@id='kt_login_signin_submit']] is clicked successfully
2024-11-14 14:54:50 INFO  Log:22 - The click keyword executed successfully
2024-11-14 14:54:50 INFO  Log:22 - The required field text is displayed successfully for the password field
2024-11-14 14:54:50 INFO  Log:15 - =====================================verifypasswordRequiredtext TEST END=========================================
2024-11-14 14:54:52 INFO  Log:11 - =====================================verifyusernamenotvalidtext TEST START=========================================
2024-11-14 14:54:52 INFO  Log:22 - Verifying the username not valid text is displayed for the username field
2024-11-14 14:54:52 INFO  Log:22 - Executing the enterData keyword
2024-11-14 14:54:52 INFO  Log:22 - The admin is trying to enter for the element [[ChromeDriver: chrome on windows (b72f8c604eaadf51ae00eb9a7edafd5f)] -> xpath: //input[@formcontrolname='email']]
2024-11-14 14:54:53 INFO  Log:22 - The admin is entered successfully for the element [[ChromeDriver: chrome on windows (b72f8c604eaadf51ae00eb9a7edafd5f)] -> xpath: //input[@formcontrolname='email']]
2024-11-14 14:54:53 INFO  Log:22 - The enterData keyword executed successfully
2024-11-14 14:54:56 INFO  Log:22 - The username not valid text is displayed successfully for the username field
2024-11-14 14:54:56 INFO  Log:15 - =====================================verifyusernamenotvalidtext TEST END=========================================
2024-11-14 14:54:56 INFO  Log:11 - =====================================verifyInvalidUserandPwdtext TEST START=========================================
2024-11-14 14:54:56 INFO  Log:22 - Verifying the username and password are invalid text is displayed
2024-11-14 14:54:56 INFO  Log:22 - Executing the enterData keyword
2024-11-14 14:54:56 INFO  Log:22 - The admin@ad is trying to enter for the element [[ChromeDriver: chrome on windows (b72f8c604eaadf51ae00eb9a7edafd5f)] -> xpath: //input[@formcontrolname='email']]
2024-11-14 14:54:57 INFO  Log:22 - The admin@ad is entered successfully for the element [[ChromeDriver: chrome on windows (b72f8c604eaadf51ae00eb9a7edafd5f)] -> xpath: //input[@formcontrolname='email']]
2024-11-14 14:54:57 INFO  Log:22 - The enterData keyword executed successfully
2024-11-14 14:54:57 INFO  Log:22 - Executing the enterData keyword
2024-11-14 14:54:57 INFO  Log:22 - The 123.0 is trying to enter for the element [[ChromeDriver: chrome on windows (b72f8c604eaadf51ae00eb9a7edafd5f)] -> xpath: //input[@formcontrolname='password']]
2024-11-14 14:54:59 INFO  Log:22 - The 123.0 is entered successfully for the element [[ChromeDriver: chrome on windows (b72f8c604eaadf51ae00eb9a7edafd5f)] -> xpath: //input[@formcontrolname='password']]
2024-11-14 14:54:59 INFO  Log:22 - The enterData keyword executed successfully
2024-11-14 14:55:01 INFO  Log:22 - Executing the click keyword
2024-11-14 14:55:01 INFO  Log:22 - The [[ChromeDriver: chrome on windows (b72f8c604eaadf51ae00eb9a7edafd5f)] -> xpath: //button[@id='kt_login_signin_submit']] is trying to click
2024-11-14 14:55:01 INFO  Log:22 - The [[ChromeDriver: chrome on windows (b72f8c604eaadf51ae00eb9a7edafd5f)] -> xpath: //button[@id='kt_login_signin_submit']] is clicked successfully
2024-11-14 14:55:01 INFO  Log:22 - The click keyword executed successfully
2024-11-14 14:55:04 INFO  Log:22 - The username and password are invalid text is displayed successfully
2024-11-14 14:55:04 INFO  Log:15 - =====================================verifyInvalidUserandPwdtext TEST END=========================================
2024-11-14 14:55:04 INFO  Log:11 - =====================================verifyInvalidUserandPwdtext TEST START=========================================
2024-11-14 14:55:04 INFO  Log:22 - Verifying the username and password are invalid text is displayed
2024-11-14 14:55:04 INFO  Log:22 - Executing the enterData keyword
2024-11-14 14:55:04 INFO  Log:22 - The admin@adfsfsdf is trying to enter for the element [[ChromeDriver: chrome on windows (b72f8c604eaadf51ae00eb9a7edafd5f)] -> xpath: //input[@formcontrolname='email']]
2024-11-14 14:55:06 INFO  Log:22 - The admin@adfsfsdf is entered successfully for the element [[ChromeDriver: chrome on windows (b72f8c604eaadf51ae00eb9a7edafd5f)] -> xpath: //input[@formcontrolname='email']]
2024-11-14 14:55:06 INFO  Log:22 - The enterData keyword executed successfully
2024-11-14 14:55:06 INFO  Log:22 - Executing the enterData keyword
2024-11-14 14:55:06 INFO  Log:22 - The 123.0 is trying to enter for the element [[ChromeDriver: chrome on windows (b72f8c604eaadf51ae00eb9a7edafd5f)] -> xpath: //input[@formcontrolname='password']]
2024-11-14 14:55:08 INFO  Log:22 - The 123.0 is entered successfully for the element [[ChromeDriver: chrome on windows (b72f8c604eaadf51ae00eb9a7edafd5f)] -> xpath: //input[@formcontrolname='password']]
2024-11-14 14:55:08 INFO  Log:22 - The enterData keyword executed successfully
2024-11-14 14:55:10 INFO  Log:22 - Executing the click keyword
2024-11-14 14:55:10 INFO  Log:22 - The [[ChromeDriver: chrome on windows (b72f8c604eaadf51ae00eb9a7edafd5f)] -> xpath: //button[@id='kt_login_signin_submit']] is trying to click
2024-11-14 14:55:10 INFO  Log:22 - The [[ChromeDriver: chrome on windows (b72f8c604eaadf51ae00eb9a7edafd5f)] -> xpath: //button[@id='kt_login_signin_submit']] is clicked successfully
2024-11-14 14:55:10 INFO  Log:22 - The click keyword executed successfully
2024-11-14 14:55:13 INFO  Log:22 - The username and password are invalid text is displayed successfully
2024-11-14 14:55:13 INFO  Log:15 - =====================================verifyInvalidUserandPwdtext TEST END=========================================
2024-11-14 14:55:13 INFO  Log:11 - =====================================verifyInvalidUserandPwdtext TEST START=========================================
2024-11-14 14:55:13 INFO  Log:22 - Verifying the username and password are invalid text is displayed
2024-11-14 14:55:13 INFO  Log:22 - Executing the enterData keyword
2024-11-14 14:55:13 INFO  Log:22 - The admin@ad123 is trying to enter for the element [[ChromeDriver: chrome on windows (b72f8c604eaadf51ae00eb9a7edafd5f)] -> xpath: //input[@formcontrolname='email']]
2024-11-14 14:55:15 INFO  Log:22 - The admin@ad123 is entered successfully for the element [[ChromeDriver: chrome on windows (b72f8c604eaadf51ae00eb9a7edafd5f)] -> xpath: //input[@formcontrolname='email']]
2024-11-14 14:55:15 INFO  Log:22 - The enterData keyword executed successfully
2024-11-14 14:55:15 INFO  Log:22 - Executing the enterData keyword
2024-11-14 14:55:15 INFO  Log:22 - The 123.0 is trying to enter for the element [[ChromeDriver: chrome on windows (b72f8c604eaadf51ae00eb9a7edafd5f)] -> xpath: //input[@formcontrolname='password']]
2024-11-14 14:55:16 INFO  Log:22 - The 123.0 is entered successfully for the element [[ChromeDriver: chrome on windows (b72f8c604eaadf51ae00eb9a7edafd5f)] -> xpath: //input[@formcontrolname='password']]
2024-11-14 14:55:16 INFO  Log:22 - The enterData keyword executed successfully
2024-11-14 14:55:18 INFO  Log:22 - Executing the click keyword
2024-11-14 14:55:18 INFO  Log:22 - The [[ChromeDriver: chrome on windows (b72f8c604eaadf51ae00eb9a7edafd5f)] -> xpath: //button[@id='kt_login_signin_submit']] is trying to click
2024-11-14 14:55:19 INFO  Log:22 - The [[ChromeDriver: chrome on windows (b72f8c604eaadf51ae00eb9a7edafd5f)] -> xpath: //button[@id='kt_login_signin_submit']] is clicked successfully
2024-11-14 14:55:19 INFO  Log:22 - The click keyword executed successfully
2024-11-14 14:55:22 INFO  Log:22 - The username and password are invalid text is displayed successfully
2024-11-14 14:55:22 INFO  Log:15 - =====================================verifyInvalidUserandPwdtext TEST END=========================================
2024-11-14 14:55:22 INFO  Log:11 - =====================================verifyLoginsuccess TEST START=========================================
2024-11-14 14:55:22 INFO  Log:22 - Verifying the user has been logged in
2024-11-14 14:55:22 INFO  Log:22 - Executing the enterData keyword
2024-11-14 14:55:22 INFO  Log:22 - The cjr@convergentechnologies.com is trying to enter for the element [[ChromeDriver: chrome on windows (b72f8c604eaadf51ae00eb9a7edafd5f)] -> xpath: //input[@formcontrolname='email']]
2024-11-14 14:55:24 INFO  Log:22 - The cjr@convergentechnologies.com is entered successfully for the element [[ChromeDriver: chrome on windows (b72f8c604eaadf51ae00eb9a7edafd5f)] -> xpath: //input[@formcontrolname='email']]
2024-11-14 14:55:24 INFO  Log:22 - The enterData keyword executed successfully
2024-11-14 14:55:24 INFO  Log:22 - Executing the enterData keyword
2024-11-14 14:55:24 INFO  Log:22 - The Test@123 is trying to enter for the element [[ChromeDriver: chrome on windows (b72f8c604eaadf51ae00eb9a7edafd5f)] -> xpath: //input[@formcontrolname='password']]
2024-11-14 14:55:25 INFO  Log:22 - The Test@123 is entered successfully for the element [[ChromeDriver: chrome on windows (b72f8c604eaadf51ae00eb9a7edafd5f)] -> xpath: //input[@formcontrolname='password']]
2024-11-14 14:55:25 INFO  Log:22 - The enterData keyword executed successfully
2024-11-14 14:55:27 INFO  Log:22 - Executing the click keyword
2024-11-14 14:55:28 INFO  Log:22 - The [[ChromeDriver: chrome on windows (b72f8c604eaadf51ae00eb9a7edafd5f)] -> xpath: //button[@id='kt_login_signin_submit']] is trying to click
2024-11-14 14:55:28 INFO  Log:22 - The [[ChromeDriver: chrome on windows (b72f8c604eaadf51ae00eb9a7edafd5f)] -> xpath: //button[@id='kt_login_signin_submit']] is clicked successfully
2024-11-14 14:55:28 INFO  Log:22 - The click keyword executed successfully
2024-11-14 14:55:31 INFO  Log:22 - The user has been logged in successfully
2024-11-14 14:55:31 INFO  Log:15 - =====================================verifyLoginsuccess TEST END=========================================
2024-11-14 14:55:31 INFO  Log:11 - =====================================verifyUsernameText TEST START=========================================
2024-11-14 14:55:31 INFO  Log:22 - Verifying the logged in username is displayed in the Home page
2024-11-14 14:55:31 INFO  Log:22 - The logged in username is displayed successfully in the Home page
2024-11-14 14:55:31 INFO  Log:15 - =====================================verifyUsernameText TEST END=========================================
2024-11-14 14:55:31 INFO  Log:11 - =====================================verifyOrgDetailsText TEST START=========================================
2024-11-14 14:55:31 INFO  Log:22 - Verifying the Organization details text is displayed in the Home page
2024-11-14 14:55:32 INFO  Log:22 - The Organization details text is displayed successfully in the Home page
2024-11-14 14:55:32 INFO  Log:15 - =====================================verifyOrgDetailsText TEST END=========================================
2024-11-14 14:55:32 INFO  Log:11 - =====================================verifyOrganizationSidemenu TEST START=========================================
2024-11-14 14:55:32 INFO  Log:22 - Verifying the Organization side menu in the Home page
2024-11-14 14:55:32 INFO  Log:22 - Executing the click keyword
2024-11-14 14:55:32 INFO  Log:22 - The [[ChromeDriver: chrome on windows (b72f8c604eaadf51ae00eb9a7edafd5f)] -> xpath: //*[@id='kt_aside_menu']/ul/li[1]/a/i[2]] is trying to click
2024-11-14 14:55:33 INFO  Log:22 - The [[ChromeDriver: chrome on windows (b72f8c604eaadf51ae00eb9a7edafd5f)] -> xpath: //*[@id='kt_aside_menu']/ul/li[1]/a/i[2]] is clicked successfully
2024-11-14 14:55:33 INFO  Log:22 - The click keyword executed successfully
2024-11-14 14:55:33 INFO  Log:22 - The Organization side menu is verified successfully in the Home page
2024-11-14 14:55:33 INFO  Log:15 - =====================================verifyOrganizationSidemenu TEST END=========================================
2024-11-14 14:55:33 INFO  Log:11 - =====================================verifyOrganizationInfoSidemenu TEST START=========================================
2024-11-14 14:55:33 INFO  Log:22 - Verifying the Organization Info side menu in the Home page
2024-11-14 14:55:33 INFO  Log:22 - Executing the click keyword
2024-11-14 14:55:33 INFO  Log:22 - The [[ChromeDriver: chrome on windows (b72f8c604eaadf51ae00eb9a7edafd5f)] -> xpath: //*[text()='Organisation Info']] is trying to click
2024-11-14 14:55:34 INFO  Log:22 - The [[ChromeDriver: chrome on windows (b72f8c604eaadf51ae00eb9a7edafd5f)] -> xpath: //*[text()='Organisation Info']] is clicked successfully
2024-11-14 14:55:34 INFO  Log:22 - The click keyword executed successfully
2024-11-14 14:55:35 INFO  Log:22 - The Organization Info side menu is verified successfully in the Home page
2024-11-14 14:55:35 INFO  Log:15 - =====================================verifyOrganizationInfoSidemenu TEST END=========================================
2024-11-14 14:55:35 INFO  Log:11 - =====================================verifyDocControlSidemenu TEST START=========================================
2024-11-14 14:55:35 INFO  Log:22 - Verifying the Document Control side menu in the Home page
2024-11-14 14:55:35 INFO  Log:22 - Executing the click keyword
2024-11-14 14:55:35 INFO  Log:22 - The [[ChromeDriver: chrome on windows (b72f8c604eaadf51ae00eb9a7edafd5f)] -> xpath: //*[text()='Document Control']] is trying to click
2024-11-14 14:55:36 INFO  Log:22 - The [[ChromeDriver: chrome on windows (b72f8c604eaadf51ae00eb9a7edafd5f)] -> xpath: //*[text()='Document Control']] is clicked successfully
2024-11-14 14:55:36 INFO  Log:22 - The click keyword executed successfully
2024-11-14 14:55:37 INFO  Log:22 - The Document Control side menu is verified successfully in the Home page
2024-11-14 14:55:37 INFO  Log:15 - =====================================verifyDocControlSidemenu TEST END=========================================
2024-11-14 14:55:37 INFO  Log:11 - =====================================verifyTaxMasterSidemenu TEST START=========================================
2024-11-14 14:55:37 INFO  Log:22 - Verifying the Tax Master side menu in the Home page
2024-11-15 13:58:28 INFO  Log:22 - Executing the openBrowser keyword
2024-11-15 13:58:28 INFO  Log:22 - Executing the openBrowser keyword
2024-11-15 13:58:28 INFO  Log:22 - The Chrome browser is opening
2024-11-15 13:58:28 INFO  Log:22 - The IE browser is opening
2024-11-15 13:58:34 INFO  Log:22 - The IE browser is opened successfully
2024-11-15 13:58:34 INFO  Log:22 - The openBrowser keyword executed successfully
2024-11-15 13:58:34 INFO  Log:22 - The Chrome browser is opened successfully
2024-11-15 13:58:34 INFO  Log:22 - The openBrowser keyword executed successfully
2024-11-15 13:58:34 INFO  Log:22 - Executing the openURL keyword
2024-11-15 13:58:34 INFO  Log:22 - The url null is opening
2024-11-15 13:58:34 INFO  Log:22 - The url null is not opened successfullynull
2024-11-15 13:58:34 INFO  Log:22 - Executing the openURL keyword
2024-11-15 13:58:34 INFO  Log:22 - The url null is opening
2024-11-15 13:58:34 INFO  Log:22 - The openURL keyword not executed successfully
2024-11-15 13:58:34 INFO  Log:22 - The url null is not opened successfullynull
2024-11-15 13:58:34 INFO  Log:22 - The openURL keyword not executed successfully
2024-11-15 13:58:34 INFO  Log:11 - =====================================verifyAIroastamaniLogo TEST START=========================================
2024-11-15 13:58:34 INFO  Log:22 - Verifying the AI Roastamani Logo is Displayed in the Login Page
2024-11-15 13:58:36 INFO  Log:11 - =====================================verifyUsernameText TEST START=========================================
2024-11-15 13:58:36 INFO  Log:22 - Verifying the logged in username is displayed in the Home page
2024-11-15 13:58:44 DEBUG cache:45 - Couldn't find template in cache for "v3html/v3-html-index.ftl"("en", UTF-8, parsed); will try to load it.
2024-11-15 13:58:44 DEBUG cache:45 - TemplateLoader.findTemplateSource("v3html/v3-html-index_en.ftl"): Not found
2024-11-15 13:58:44 DEBUG cache:45 - TemplateLoader.findTemplateSource("v3html/v3-html-index.ftl"): Found
2024-11-15 13:58:44 DEBUG cache:45 - Loading template for "v3html/v3-html-index.ftl"("en", UTF-8, parsed) from "jar:file:/C:/Users/anilA/.m2/repository/com/aventstack/extentreports/4.0.9/extentreports-4.0.9.jar!/com/aventstack/extentreports/view/v3html/v3-html-index.ftl"
2024-11-15 20:28:54 INFO  Log:22 - Executing the openBrowser keyword
2024-11-15 20:28:54 INFO  Log:22 - The Chrome browser is opening
2024-11-15 20:28:56 INFO  Log:22 - The Chrome browser is opened successfully
2024-11-15 20:28:56 INFO  Log:22 - The openBrowser keyword executed successfully
2024-11-15 20:28:56 INFO  Log:22 - Executing the openURL keyword
2024-11-15 20:28:56 INFO  Log:22 - The url https://art-sit-admin.convergentechnologies.com/#/auth/login is opening
2024-11-15 20:28:59 INFO  Log:22 - The url https://art-sit-admin.convergentechnologies.com/#/auth/login is opened successfully
2024-11-15 20:28:59 INFO  Log:22 - The openURL keyword executed successfully
2024-11-15 20:29:00 INFO  Log:11 - =====================================verifyAIroastamaniLogo TEST START=========================================
2024-11-15 20:29:00 INFO  Log:22 - Verifying the AI Roastamani Logo is Displayed in the Login Page
2024-11-15 20:29:00 INFO  Log:22 - The AI Roastamani Logo is Displayed successfully in the Login Page
2024-11-15 20:29:00 INFO  Log:15 - =====================================verifyAIroastamaniLogo TEST END=========================================
2024-11-15 20:29:00 INFO  Log:11 - =====================================verifyTitle TEST START=========================================
2024-11-15 20:29:00 INFO  Log:22 - Verifying the Title "ART - ADMIN" of the page is displayed
2024-11-15 20:29:00 INFO  Log:22 - The Title "ART - ADMIN" is displayed successfully
2024-11-15 20:29:00 INFO  Log:15 - =====================================verifyTitle TEST END=========================================
2024-11-15 20:29:00 INFO  Log:11 - =====================================verifyemailtext TEST START=========================================
2024-11-15 20:29:00 INFO  Log:22 - Verifying the "Email" text is displayed in the username field
2024-11-15 20:29:00 INFO  Log:22 - The "Email" text is displayed successfully in the username field
2024-11-15 20:29:00 INFO  Log:15 - =====================================verifyemailtext TEST END=========================================
2024-11-15 20:29:00 INFO  Log:11 - =====================================verifypasswordtext TEST START=========================================
2024-11-15 20:29:00 INFO  Log:22 - Verifying the "password" text is displayed in the username field
2024-11-15 20:29:00 INFO  Log:22 - The "password" text is displayed successfully in the username field
2024-11-15 20:29:00 INFO  Log:15 - =====================================verifypasswordtext TEST END=========================================
2024-11-15 20:29:00 INFO  Log:11 - =====================================verifyusrnameRequiredtext TEST START=========================================
2024-11-15 20:29:00 INFO  Log:22 - Verifying the required field text is displayed for the username field
2024-11-15 20:29:00 INFO  Log:22 - Executing the click keyword
2024-11-15 20:29:00 INFO  Log:22 - The [[ChromeDriver: chrome on windows (43557dffa604d51b1518e4fbeaf0d4ba)] -> xpath: //button[@id='kt_login_signin_submit']] is trying to click
2024-11-15 20:29:00 INFO  Log:22 - The [[ChromeDriver: chrome on windows (43557dffa604d51b1518e4fbeaf0d4ba)] -> xpath: //button[@id='kt_login_signin_submit']] is clicked successfully
2024-11-15 20:29:00 INFO  Log:22 - The click keyword executed successfully
2024-11-15 20:29:01 INFO  Log:22 - The required field text is displayed successfully for the username field
2024-11-15 20:29:01 INFO  Log:15 - =====================================verifyusrnameRequiredtext TEST END=========================================
2024-11-15 20:29:01 INFO  Log:11 - =====================================verifypasswordRequiredtext TEST START=========================================
2024-11-15 20:29:01 INFO  Log:22 - Verifying the required field text is displayed for the password field
2024-11-15 20:29:01 INFO  Log:22 - Executing the click keyword
2024-11-15 20:29:01 INFO  Log:22 - The [[ChromeDriver: chrome on windows (43557dffa604d51b1518e4fbeaf0d4ba)] -> xpath: //button[@id='kt_login_signin_submit']] is trying to click
2024-11-15 20:29:01 INFO  Log:22 - The [[ChromeDriver: chrome on windows (43557dffa604d51b1518e4fbeaf0d4ba)] -> xpath: //button[@id='kt_login_signin_submit']] is clicked successfully
2024-11-15 20:29:01 INFO  Log:22 - The click keyword executed successfully
2024-11-15 20:29:01 INFO  Log:22 - The required field text is displayed successfully for the password field
2024-11-15 20:29:01 INFO  Log:15 - =====================================verifypasswordRequiredtext TEST END=========================================
2024-11-15 20:29:02 INFO  Log:11 - =====================================verifyusernamenotvalidtext TEST START=========================================
2024-11-15 20:29:02 INFO  Log:22 - Verifying the username not valid text is displayed for the username field
2024-11-15 20:29:02 INFO  Log:22 - Executing the enterData keyword
2024-11-15 20:29:02 INFO  Log:22 - The admin is trying to enter for the element [[ChromeDriver: chrome on windows (43557dffa604d51b1518e4fbeaf0d4ba)] -> xpath: //input[@formcontrolname='email']]
2024-11-15 20:29:03 INFO  Log:22 - The admin is entered successfully for the element [[ChromeDriver: chrome on windows (43557dffa604d51b1518e4fbeaf0d4ba)] -> xpath: //input[@formcontrolname='email']]
2024-11-15 20:29:03 INFO  Log:22 - The enterData keyword executed successfully
2024-11-15 20:29:05 INFO  Log:22 - The username not valid text is displayed successfully for the username field
2024-11-15 20:29:05 INFO  Log:15 - =====================================verifyusernamenotvalidtext TEST END=========================================
2024-11-15 20:29:05 INFO  Log:11 - =====================================verifyInvalidUserandPwdtext TEST START=========================================
2024-11-15 20:29:05 INFO  Log:22 - Verifying the username and password are invalid text is displayed
2024-11-15 20:29:05 INFO  Log:22 - Executing the enterData keyword
2024-11-15 20:29:05 INFO  Log:22 - The admin@ad is trying to enter for the element [[ChromeDriver: chrome on windows (43557dffa604d51b1518e4fbeaf0d4ba)] -> xpath: //input[@formcontrolname='email']]
2024-11-15 20:29:06 INFO  Log:22 - The admin@ad is entered successfully for the element [[ChromeDriver: chrome on windows (43557dffa604d51b1518e4fbeaf0d4ba)] -> xpath: //input[@formcontrolname='email']]
2024-11-15 20:29:06 INFO  Log:22 - The enterData keyword executed successfully
2024-11-15 20:29:06 INFO  Log:22 - Executing the enterData keyword
2024-11-15 20:29:06 INFO  Log:22 - The 123.0 is trying to enter for the element [[ChromeDriver: chrome on windows (43557dffa604d51b1518e4fbeaf0d4ba)] -> xpath: //input[@formcontrolname='password']]
2024-11-15 20:29:08 INFO  Log:22 - The 123.0 is entered successfully for the element [[ChromeDriver: chrome on windows (43557dffa604d51b1518e4fbeaf0d4ba)] -> xpath: //input[@formcontrolname='password']]
2024-11-15 20:29:08 INFO  Log:22 - The enterData keyword executed successfully
2024-11-15 20:29:10 INFO  Log:22 - Executing the click keyword
2024-11-15 20:29:10 INFO  Log:22 - The [[ChromeDriver: chrome on windows (43557dffa604d51b1518e4fbeaf0d4ba)] -> xpath: //button[@id='kt_login_signin_submit']] is trying to click
2024-11-15 20:29:10 INFO  Log:22 - The [[ChromeDriver: chrome on windows (43557dffa604d51b1518e4fbeaf0d4ba)] -> xpath: //button[@id='kt_login_signin_submit']] is clicked successfully
2024-11-15 20:29:10 INFO  Log:22 - The click keyword executed successfully
2024-11-15 20:29:13 INFO  Log:22 - The username and password are invalid text is displayed successfully
2024-11-15 20:29:13 INFO  Log:15 - =====================================verifyInvalidUserandPwdtext TEST END=========================================
2024-11-15 20:29:13 INFO  Log:11 - =====================================verifyInvalidUserandPwdtext TEST START=========================================
2024-11-15 20:29:13 INFO  Log:22 - Verifying the username and password are invalid text is displayed
2024-11-15 20:29:13 INFO  Log:22 - Executing the enterData keyword
2024-11-15 20:29:13 INFO  Log:22 - The admin@adfsfsdf is trying to enter for the element [[ChromeDriver: chrome on windows (43557dffa604d51b1518e4fbeaf0d4ba)] -> xpath: //input[@formcontrolname='email']]
2024-11-15 20:29:15 INFO  Log:22 - The admin@adfsfsdf is entered successfully for the element [[ChromeDriver: chrome on windows (43557dffa604d51b1518e4fbeaf0d4ba)] -> xpath: //input[@formcontrolname='email']]
2024-11-15 20:29:15 INFO  Log:22 - The enterData keyword executed successfully
2024-11-15 20:29:15 INFO  Log:22 - Executing the enterData keyword
2024-11-15 20:29:15 INFO  Log:22 - The 123.0 is trying to enter for the element [[ChromeDriver: chrome on windows (43557dffa604d51b1518e4fbeaf0d4ba)] -> xpath: //input[@formcontrolname='password']]
2024-11-15 20:29:16 INFO  Log:22 - The 123.0 is entered successfully for the element [[ChromeDriver: chrome on windows (43557dffa604d51b1518e4fbeaf0d4ba)] -> xpath: //input[@formcontrolname='password']]
2024-11-15 20:29:16 INFO  Log:22 - The enterData keyword executed successfully
2024-11-15 20:29:18 INFO  Log:22 - Executing the click keyword
2024-11-15 20:29:18 INFO  Log:22 - The [[ChromeDriver: chrome on windows (43557dffa604d51b1518e4fbeaf0d4ba)] -> xpath: //button[@id='kt_login_signin_submit']] is trying to click
2024-11-15 20:29:18 INFO  Log:22 - The [[ChromeDriver: chrome on windows (43557dffa604d51b1518e4fbeaf0d4ba)] -> xpath: //button[@id='kt_login_signin_submit']] is clicked successfully
2024-11-15 20:29:18 INFO  Log:22 - The click keyword executed successfully
2024-11-15 20:29:21 INFO  Log:22 - The username and password are invalid text is displayed successfully
2024-11-15 20:29:21 INFO  Log:15 - =====================================verifyInvalidUserandPwdtext TEST END=========================================
2024-11-15 20:29:21 INFO  Log:11 - =====================================verifyInvalidUserandPwdtext TEST START=========================================
2024-11-15 20:29:21 INFO  Log:22 - Verifying the username and password are invalid text is displayed
2024-11-15 20:29:21 INFO  Log:22 - Executing the enterData keyword
2024-11-15 20:29:21 INFO  Log:22 - The admin@ad123 is trying to enter for the element [[ChromeDriver: chrome on windows (43557dffa604d51b1518e4fbeaf0d4ba)] -> xpath: //input[@formcontrolname='email']]
2024-11-15 20:29:23 INFO  Log:22 - The admin@ad123 is entered successfully for the element [[ChromeDriver: chrome on windows (43557dffa604d51b1518e4fbeaf0d4ba)] -> xpath: //input[@formcontrolname='email']]
2024-11-15 20:29:23 INFO  Log:22 - The enterData keyword executed successfully
2024-11-15 20:29:23 INFO  Log:22 - Executing the enterData keyword
2024-11-15 20:29:23 INFO  Log:22 - The 123.0 is trying to enter for the element [[ChromeDriver: chrome on windows (43557dffa604d51b1518e4fbeaf0d4ba)] -> xpath: //input[@formcontrolname='password']]
2024-11-15 20:29:24 INFO  Log:22 - The 123.0 is entered successfully for the element [[ChromeDriver: chrome on windows (43557dffa604d51b1518e4fbeaf0d4ba)] -> xpath: //input[@formcontrolname='password']]
2024-11-15 20:29:24 INFO  Log:22 - The enterData keyword executed successfully
2024-11-15 20:29:26 INFO  Log:22 - Executing the click keyword
2024-11-15 20:29:26 INFO  Log:22 - The [[ChromeDriver: chrome on windows (43557dffa604d51b1518e4fbeaf0d4ba)] -> xpath: //button[@id='kt_login_signin_submit']] is trying to click
2024-11-15 20:29:26 INFO  Log:22 - The [[ChromeDriver: chrome on windows (43557dffa604d51b1518e4fbeaf0d4ba)] -> xpath: //button[@id='kt_login_signin_submit']] is clicked successfully
2024-11-15 20:29:26 INFO  Log:22 - The click keyword executed successfully
2024-11-15 20:29:29 INFO  Log:22 - The username and password are invalid text is displayed successfully
2024-11-15 20:29:29 INFO  Log:15 - =====================================verifyInvalidUserandPwdtext TEST END=========================================
2024-11-15 20:29:30 INFO  Log:11 - =====================================verifyLoginsuccess TEST START=========================================
2024-11-15 20:29:30 INFO  Log:22 - Verifying the user has been logged in
2024-11-15 20:29:30 INFO  Log:22 - Executing the enterData keyword
2024-11-15 20:29:30 INFO  Log:22 - The cjr@convergentechnologies.com is trying to enter for the element [[ChromeDriver: chrome on windows (43557dffa604d51b1518e4fbeaf0d4ba)] -> xpath: //input[@formcontrolname='email']]
2024-11-15 20:29:31 INFO  Log:22 - The cjr@convergentechnologies.com is entered successfully for the element [[ChromeDriver: chrome on windows (43557dffa604d51b1518e4fbeaf0d4ba)] -> xpath: //input[@formcontrolname='email']]
2024-11-15 20:29:31 INFO  Log:22 - The enterData keyword executed successfully
2024-11-15 20:29:31 INFO  Log:22 - Executing the enterData keyword
2024-11-15 20:29:31 INFO  Log:22 - The Test@123 is trying to enter for the element [[ChromeDriver: chrome on windows (43557dffa604d51b1518e4fbeaf0d4ba)] -> xpath: //input[@formcontrolname='password']]
2024-11-15 20:29:33 INFO  Log:22 - The Test@123 is entered successfully for the element [[ChromeDriver: chrome on windows (43557dffa604d51b1518e4fbeaf0d4ba)] -> xpath: //input[@formcontrolname='password']]
2024-11-15 20:29:33 INFO  Log:22 - The enterData keyword executed successfully
2024-11-15 20:29:35 INFO  Log:22 - Executing the click keyword
2024-11-15 20:29:35 INFO  Log:22 - The [[ChromeDriver: chrome on windows (43557dffa604d51b1518e4fbeaf0d4ba)] -> xpath: //button[@id='kt_login_signin_submit']] is trying to click
2024-11-15 20:29:35 INFO  Log:22 - The [[ChromeDriver: chrome on windows (43557dffa604d51b1518e4fbeaf0d4ba)] -> xpath: //button[@id='kt_login_signin_submit']] is clicked successfully
2024-11-15 20:29:35 INFO  Log:22 - The click keyword executed successfully
2024-11-15 20:29:38 INFO  Log:22 - The user has been logged in successfully
2024-11-15 20:29:38 INFO  Log:15 - =====================================verifyLoginsuccess TEST END=========================================
2024-11-15 20:29:38 DEBUG cache:45 - Couldn't find template in cache for "v3html/v3-html-index.ftl"("en", UTF-8, parsed); will try to load it.
2024-11-15 20:29:38 DEBUG cache:45 - TemplateLoader.findTemplateSource("v3html/v3-html-index_en.ftl"): Not found
2024-11-15 20:29:38 DEBUG cache:45 - TemplateLoader.findTemplateSource("v3html/v3-html-index.ftl"): Found
2024-11-15 20:29:38 DEBUG cache:45 - Loading template for "v3html/v3-html-index.ftl"("en", UTF-8, parsed) from "jar:file:/C:/Users/anilA/.m2/repository/com/aventstack/extentreports/4.0.9/extentreports-4.0.9.jar!/com/aventstack/extentreports/view/v3html/v3-html-index.ftl"
2024-11-15 20:29:39 DEBUG cache:45 - Couldn't find template in cache for "v3html/v3-html-head.ftl"("en", UTF-8, parsed); will try to load it.
2024-11-15 20:29:39 DEBUG cache:45 - TemplateLoader.findTemplateSource("v3html/v3-html-head_en.ftl"): Not found
2024-11-15 20:29:39 DEBUG cache:45 - TemplateLoader.findTemplateSource("v3html/v3-html-head.ftl"): Found
2024-11-15 20:29:39 DEBUG cache:45 - Loading template for "v3html/v3-html-head.ftl"("en", UTF-8, parsed) from "jar:file:/C:/Users/anilA/.m2/repository/com/aventstack/extentreports/4.0.9/extentreports-4.0.9.jar!/com/aventstack/extentreports/view/v3html/v3-html-head.ftl"
2024-11-15 20:29:39 DEBUG cache:45 - Couldn't find template in cache for "v3html/v3-html-nav.ftl"("en", UTF-8, parsed); will try to load it.
2024-11-15 20:29:39 DEBUG cache:45 - TemplateLoader.findTemplateSource("v3html/v3-html-nav_en.ftl"): Not found
2024-11-15 20:29:39 DEBUG cache:45 - TemplateLoader.findTemplateSource("v3html/v3-html-nav.ftl"): Found
2024-11-15 20:29:39 DEBUG cache:45 - Loading template for "v3html/v3-html-nav.ftl"("en", UTF-8, parsed) from "jar:file:/C:/Users/anilA/.m2/repository/com/aventstack/extentreports/4.0.9/extentreports-4.0.9.jar!/com/aventstack/extentreports/view/v3html/v3-html-nav.ftl"
2024-11-15 20:29:39 DEBUG cache:45 - Couldn't find template in cache for "v3html/test-view/v3-html-test-view.ftl"("en", UTF-8, parsed); will try to load it.
2024-11-15 20:29:39 DEBUG cache:45 - TemplateLoader.findTemplateSource("v3html/test-view/v3-html-test-view_en.ftl"): Not found
2024-11-15 20:29:39 DEBUG cache:45 - TemplateLoader.findTemplateSource("v3html/test-view/v3-html-test-view.ftl"): Found
2024-11-15 20:29:39 DEBUG cache:45 - Loading template for "v3html/test-view/v3-html-test-view.ftl"("en", UTF-8, parsed) from "jar:file:/C:/Users/anilA/.m2/repository/com/aventstack/extentreports/4.0.9/extentreports-4.0.9.jar!/com/aventstack/extentreports/view/v3html/test-view/v3-html-test-view.ftl"
2024-11-15 20:29:39 DEBUG cache:45 - Couldn't find template in cache for "v3html/test-view/v3-html-test-view-charts.ftl"("en", UTF-8, parsed); will try to load it.
2024-11-15 20:29:39 DEBUG cache:45 - TemplateLoader.findTemplateSource("v3html/test-view/v3-html-test-view-charts_en.ftl"): Not found
2024-11-15 20:29:39 DEBUG cache:45 - TemplateLoader.findTemplateSource("v3html/test-view/v3-html-test-view-charts.ftl"): Found
2024-11-15 20:29:39 DEBUG cache:45 - Loading template for "v3html/test-view/v3-html-test-view-charts.ftl"("en", UTF-8, parsed) from "jar:file:/C:/Users/anilA/.m2/repository/com/aventstack/extentreports/4.0.9/extentreports-4.0.9.jar!/com/aventstack/extentreports/view/v3html/test-view/v3-html-test-view-charts.ftl"
2024-11-15 20:29:39 DEBUG cache:45 - Couldn't find template in cache for "v3html/test-view/v3-html-standard.ftl"("en", UTF-8, parsed); will try to load it.
2024-11-15 20:29:39 DEBUG cache:45 - TemplateLoader.findTemplateSource("v3html/test-view/v3-html-standard_en.ftl"): Not found
2024-11-15 20:29:39 DEBUG cache:45 - TemplateLoader.findTemplateSource("v3html/test-view/v3-html-standard.ftl"): Found
2024-11-15 20:29:39 DEBUG cache:45 - Loading template for "v3html/test-view/v3-html-standard.ftl"("en", UTF-8, parsed) from "jar:file:/C:/Users/anilA/.m2/repository/com/aventstack/extentreports/4.0.9/extentreports-4.0.9.jar!/com/aventstack/extentreports/view/v3html/test-view/v3-html-standard.ftl"
2024-11-15 20:29:39 DEBUG cache:45 - "v3html/test-view/v3-html-standard.ftl"("en", UTF-8, parsed) cached copy not yet stale; using cached.
2024-11-15 20:29:39 DEBUG cache:45 - "v3html/test-view/v3-html-standard.ftl"("en", UTF-8, parsed) cached copy not yet stale; using cached.
2024-11-15 20:29:39 DEBUG cache:45 - "v3html/test-view/v3-html-standard.ftl"("en", UTF-8, parsed) cached copy not yet stale; using cached.
2024-11-15 20:29:39 DEBUG cache:45 - "v3html/test-view/v3-html-standard.ftl"("en", UTF-8, parsed) cached copy not yet stale; using cached.
2024-11-15 20:29:39 DEBUG cache:45 - "v3html/test-view/v3-html-standard.ftl"("en", UTF-8, parsed) cached copy not yet stale; using cached.
2024-11-15 20:29:39 DEBUG cache:45 - "v3html/test-view/v3-html-standard.ftl"("en", UTF-8, parsed) cached copy not yet stale; using cached.
2024-11-15 20:29:39 DEBUG cache:45 - "v3html/test-view/v3-html-standard.ftl"("en", UTF-8, parsed) cached copy not yet stale; using cached.
2024-11-15 20:29:39 DEBUG cache:45 - "v3html/test-view/v3-html-standard.ftl"("en", UTF-8, parsed) cached copy not yet stale; using cached.
2024-11-15 20:29:39 DEBUG cache:45 - "v3html/test-view/v3-html-standard.ftl"("en", UTF-8, parsed) cached copy not yet stale; using cached.
2024-11-15 20:29:39 DEBUG cache:45 - "v3html/test-view/v3-html-standard.ftl"("en", UTF-8, parsed) cached copy not yet stale; using cached.
2024-11-15 20:29:39 DEBUG cache:45 - Couldn't find template in cache for "v3html/category-view/v3-html-category-view.ftl"("en", UTF-8, parsed); will try to load it.
2024-11-15 20:29:39 DEBUG cache:45 - TemplateLoader.findTemplateSource("v3html/category-view/v3-html-category-view_en.ftl"): Not found
2024-11-15 20:29:39 DEBUG cache:45 - TemplateLoader.findTemplateSource("v3html/category-view/v3-html-category-view.ftl"): Found
2024-11-15 20:29:39 DEBUG cache:45 - Loading template for "v3html/category-view/v3-html-category-view.ftl"("en", UTF-8, parsed) from "jar:file:/C:/Users/anilA/.m2/repository/com/aventstack/extentreports/4.0.9/extentreports-4.0.9.jar!/com/aventstack/extentreports/view/v3html/category-view/v3-html-category-view.ftl"
2024-11-15 20:29:39 DEBUG cache:45 - Couldn't find template in cache for "v3html/exception-view/v3-html-exception-view.ftl"("en", UTF-8, parsed); will try to load it.
2024-11-15 20:29:39 DEBUG cache:45 - TemplateLoader.findTemplateSource("v3html/exception-view/v3-html-exception-view_en.ftl"): Not found
2024-11-15 20:29:39 DEBUG cache:45 - TemplateLoader.findTemplateSource("v3html/exception-view/v3-html-exception-view.ftl"): Found
2024-11-15 20:29:39 DEBUG cache:45 - Loading template for "v3html/exception-view/v3-html-exception-view.ftl"("en", UTF-8, parsed) from "jar:file:/C:/Users/anilA/.m2/repository/com/aventstack/extentreports/4.0.9/extentreports-4.0.9.jar!/com/aventstack/extentreports/view/v3html/exception-view/v3-html-exception-view.ftl"
2024-11-15 20:29:39 DEBUG cache:45 - Couldn't find template in cache for "v3html/author-view/v3-html-author-view.ftl"("en", UTF-8, parsed); will try to load it.
2024-11-15 20:29:39 DEBUG cache:45 - TemplateLoader.findTemplateSource("v3html/author-view/v3-html-author-view_en.ftl"): Not found
2024-11-15 20:29:39 DEBUG cache:45 - TemplateLoader.findTemplateSource("v3html/author-view/v3-html-author-view.ftl"): Found
2024-11-15 20:29:39 DEBUG cache:45 - Loading template for "v3html/author-view/v3-html-author-view.ftl"("en", UTF-8, parsed) from "jar:file:/C:/Users/anilA/.m2/repository/com/aventstack/extentreports/4.0.9/extentreports-4.0.9.jar!/com/aventstack/extentreports/view/v3html/author-view/v3-html-author-view.ftl"
2024-11-15 20:29:39 DEBUG cache:45 - Couldn't find template in cache for "v3html/dashboard-view/v3-html-dashboard-view.ftl"("en", UTF-8, parsed); will try to load it.
2024-11-15 20:29:39 DEBUG cache:45 - TemplateLoader.findTemplateSource("v3html/dashboard-view/v3-html-dashboard-view_en.ftl"): Not found
2024-11-15 20:29:39 DEBUG cache:45 - TemplateLoader.findTemplateSource("v3html/dashboard-view/v3-html-dashboard-view.ftl"): Found
2024-11-15 20:29:39 DEBUG cache:45 - Loading template for "v3html/dashboard-view/v3-html-dashboard-view.ftl"("en", UTF-8, parsed) from "jar:file:/C:/Users/anilA/.m2/repository/com/aventstack/extentreports/4.0.9/extentreports-4.0.9.jar!/com/aventstack/extentreports/view/v3html/dashboard-view/v3-html-dashboard-view.ftl"
2024-11-15 20:29:39 DEBUG cache:45 - Couldn't find template in cache for "v3html/logs-view/v3-html-testrunner-logs-view.ftl"("en", UTF-8, parsed); will try to load it.
2024-11-15 20:29:39 DEBUG cache:45 - TemplateLoader.findTemplateSource("v3html/logs-view/v3-html-testrunner-logs-view_en.ftl"): Not found
2024-11-15 20:29:39 DEBUG cache:45 - TemplateLoader.findTemplateSource("v3html/logs-view/v3-html-testrunner-logs-view.ftl"): Found
2024-11-15 20:29:39 DEBUG cache:45 - Loading template for "v3html/logs-view/v3-html-testrunner-logs-view.ftl"("en", UTF-8, parsed) from "jar:file:/C:/Users/anilA/.m2/repository/com/aventstack/extentreports/4.0.9/extentreports-4.0.9.jar!/com/aventstack/extentreports/view/v3html/logs-view/v3-html-testrunner-logs-view.ftl"
2024-11-15 20:30:34 INFO  Log:22 - Executing the openBrowser keyword
2024-11-15 20:30:34 INFO  Log:22 - The Chrome browser is opening
2024-11-15 20:30:36 INFO  Log:22 - The Chrome browser is opened successfully
2024-11-15 20:30:36 INFO  Log:22 - The openBrowser keyword executed successfully
2024-11-15 20:30:36 INFO  Log:22 - Executing the openURL keyword
2024-11-15 20:30:36 INFO  Log:22 - The url https://art-sit-admin.convergentechnologies.com/#/auth/login is opening
2024-11-15 20:30:39 INFO  Log:22 - The url https://art-sit-admin.convergentechnologies.com/#/auth/login is opened successfully
2024-11-15 20:30:39 INFO  Log:22 - The openURL keyword executed successfully
2024-11-15 20:30:39 INFO  Log:11 - =====================================verifyAIroastamaniLogo TEST START=========================================
2024-11-15 20:30:39 INFO  Log:22 - Verifying the AI Roastamani Logo is Displayed in the Login Page
2024-11-15 20:30:39 INFO  Log:22 - The AI Roastamani Logo is Displayed successfully in the Login Page
2024-11-15 20:30:39 INFO  Log:15 - =====================================verifyAIroastamaniLogo TEST END=========================================
2024-11-15 20:30:39 INFO  Log:11 - =====================================verifyTitle TEST START=========================================
2024-11-15 20:30:39 INFO  Log:22 - Verifying the Title "ART - ADMIN" of the page is displayed
2024-11-15 20:30:40 INFO  Log:11 - =====================================verifyemailtext TEST START=========================================
2024-11-15 20:30:40 INFO  Log:22 - Verifying the "Email" text is displayed in the username field
2024-11-15 20:30:40 INFO  Log:22 - The "Email" text is displayed successfully in the username field
2024-11-15 20:30:40 INFO  Log:15 - =====================================verifyemailtext TEST END=========================================
2024-11-15 20:30:40 INFO  Log:11 - =====================================verifypasswordtext TEST START=========================================
2024-11-15 20:30:40 INFO  Log:22 - Verifying the "password" text is displayed in the username field
2024-11-15 20:30:40 INFO  Log:22 - The "password" text is displayed successfully in the username field
2024-11-15 20:30:40 INFO  Log:15 - =====================================verifypasswordtext TEST END=========================================
2024-11-15 20:30:40 INFO  Log:11 - =====================================verifyusrnameRequiredtext TEST START=========================================
2024-11-15 20:30:40 INFO  Log:22 - Verifying the required field text is displayed for the username field
2024-11-15 20:30:40 INFO  Log:22 - Executing the click keyword
2024-11-15 20:30:40 INFO  Log:22 - The [[ChromeDriver: chrome on windows (6cbbe9e59f50e51f99f0caae3a1b1459)] -> xpath: //button[@id='kt_login_signin_submit']] is trying to click
2024-11-15 20:30:40 INFO  Log:22 - The [[ChromeDriver: chrome on windows (6cbbe9e59f50e51f99f0caae3a1b1459)] -> xpath: //button[@id='kt_login_signin_submit']] is clicked successfully
2024-11-15 20:30:40 INFO  Log:22 - The click keyword executed successfully
2024-11-15 20:30:40 INFO  Log:22 - The required field text is displayed successfully for the username field
2024-11-15 20:30:40 INFO  Log:15 - =====================================verifyusrnameRequiredtext TEST END=========================================
2024-11-15 20:30:40 INFO  Log:11 - =====================================verifypasswordRequiredtext TEST START=========================================
2024-11-15 20:30:40 INFO  Log:22 - Verifying the required field text is displayed for the password field
2024-11-15 20:30:40 INFO  Log:22 - Executing the click keyword
2024-11-15 20:30:40 INFO  Log:22 - The [[ChromeDriver: chrome on windows (6cbbe9e59f50e51f99f0caae3a1b1459)] -> xpath: //button[@id='kt_login_signin_submit']] is trying to click
2024-11-15 20:30:41 INFO  Log:22 - The [[ChromeDriver: chrome on windows (6cbbe9e59f50e51f99f0caae3a1b1459)] -> xpath: //button[@id='kt_login_signin_submit']] is clicked successfully
2024-11-15 20:30:41 INFO  Log:22 - The click keyword executed successfully
2024-11-15 20:30:41 INFO  Log:22 - The required field text is displayed successfully for the password field
2024-11-15 20:30:41 INFO  Log:15 - =====================================verifypasswordRequiredtext TEST END=========================================
2024-11-15 20:30:42 INFO  Log:11 - =====================================verifyusernamenotvalidtext TEST START=========================================
2024-11-15 20:30:42 INFO  Log:22 - Verifying the username not valid text is displayed for the username field
2024-11-15 20:30:42 INFO  Log:22 - Executing the enterData keyword
2024-11-15 20:30:42 INFO  Log:22 - The admin is trying to enter for the element [[ChromeDriver: chrome on windows (6cbbe9e59f50e51f99f0caae3a1b1459)] -> xpath: //input[@formcontrolname='email']]
2024-11-15 20:30:43 INFO  Log:22 - The admin is entered successfully for the element [[ChromeDriver: chrome on windows (6cbbe9e59f50e51f99f0caae3a1b1459)] -> xpath: //input[@formcontrolname='email']]
2024-11-15 20:30:43 INFO  Log:22 - The enterData keyword executed successfully
2024-11-15 20:30:45 INFO  Log:22 - The username not valid text is displayed successfully for the username field
2024-11-15 20:30:45 INFO  Log:15 - =====================================verifyusernamenotvalidtext TEST END=========================================
2024-11-15 20:30:45 INFO  Log:11 - =====================================verifyInvalidUserandPwdtext TEST START=========================================
2024-11-15 20:30:45 INFO  Log:22 - Verifying the username and password are invalid text is displayed
2024-11-15 20:30:45 INFO  Log:22 - Executing the enterData keyword
2024-11-15 20:30:45 INFO  Log:22 - The admin@ad is trying to enter for the element [[ChromeDriver: chrome on windows (6cbbe9e59f50e51f99f0caae3a1b1459)] -> xpath: //input[@formcontrolname='email']]
2024-11-15 20:30:47 INFO  Log:22 - The admin@ad is entered successfully for the element [[ChromeDriver: chrome on windows (6cbbe9e59f50e51f99f0caae3a1b1459)] -> xpath: //input[@formcontrolname='email']]
2024-11-15 20:30:47 INFO  Log:22 - The enterData keyword executed successfully
2024-11-15 20:30:47 INFO  Log:22 - Executing the enterData keyword
2024-11-15 20:30:47 INFO  Log:22 - The 123.0 is trying to enter for the element [[ChromeDriver: chrome on windows (6cbbe9e59f50e51f99f0caae3a1b1459)] -> xpath: //input[@formcontrolname='password']]
2024-11-15 20:30:48 INFO  Log:22 - The 123.0 is entered successfully for the element [[ChromeDriver: chrome on windows (6cbbe9e59f50e51f99f0caae3a1b1459)] -> xpath: //input[@formcontrolname='password']]
2024-11-15 20:30:48 INFO  Log:22 - The enterData keyword executed successfully
2024-11-15 20:30:50 INFO  Log:22 - Executing the click keyword
2024-11-15 20:30:50 INFO  Log:22 - The [[ChromeDriver: chrome on windows (6cbbe9e59f50e51f99f0caae3a1b1459)] -> xpath: //button[@id='kt_login_signin_submit']] is trying to click
2024-11-15 20:30:50 INFO  Log:22 - The [[ChromeDriver: chrome on windows (6cbbe9e59f50e51f99f0caae3a1b1459)] -> xpath: //button[@id='kt_login_signin_submit']] is clicked successfully
2024-11-15 20:30:50 INFO  Log:22 - The click keyword executed successfully
2024-11-15 20:30:53 INFO  Log:22 - The username and password are invalid text is displayed successfully
2024-11-15 20:30:53 INFO  Log:15 - =====================================verifyInvalidUserandPwdtext TEST END=========================================
2024-11-15 20:30:53 INFO  Log:11 - =====================================verifyInvalidUserandPwdtext TEST START=========================================
2024-11-15 20:30:53 INFO  Log:22 - Verifying the username and password are invalid text is displayed
2024-11-15 20:30:53 INFO  Log:22 - Executing the enterData keyword
2024-11-15 20:30:53 INFO  Log:22 - The admin@adfsfsdf is trying to enter for the element [[ChromeDriver: chrome on windows (6cbbe9e59f50e51f99f0caae3a1b1459)] -> xpath: //input[@formcontrolname='email']]
2024-11-15 20:30:55 INFO  Log:22 - The admin@adfsfsdf is entered successfully for the element [[ChromeDriver: chrome on windows (6cbbe9e59f50e51f99f0caae3a1b1459)] -> xpath: //input[@formcontrolname='email']]
2024-11-15 20:30:55 INFO  Log:22 - The enterData keyword executed successfully
2024-11-15 20:30:55 INFO  Log:22 - Executing the enterData keyword
2024-11-15 20:30:55 INFO  Log:22 - The 123.0 is trying to enter for the element [[ChromeDriver: chrome on windows (6cbbe9e59f50e51f99f0caae3a1b1459)] -> xpath: //input[@formcontrolname='password']]
2024-11-15 20:30:56 INFO  Log:22 - The 123.0 is entered successfully for the element [[ChromeDriver: chrome on windows (6cbbe9e59f50e51f99f0caae3a1b1459)] -> xpath: //input[@formcontrolname='password']]
2024-11-15 20:30:56 INFO  Log:22 - The enterData keyword executed successfully
2024-11-15 20:30:58 INFO  Log:22 - Executing the click keyword
2024-11-15 20:30:58 INFO  Log:22 - The [[ChromeDriver: chrome on windows (6cbbe9e59f50e51f99f0caae3a1b1459)] -> xpath: //button[@id='kt_login_signin_submit']] is trying to click
2024-11-15 20:30:58 INFO  Log:22 - The [[ChromeDriver: chrome on windows (6cbbe9e59f50e51f99f0caae3a1b1459)] -> xpath: //button[@id='kt_login_signin_submit']] is clicked successfully
2024-11-15 20:30:58 INFO  Log:22 - The click keyword executed successfully
2024-11-15 20:31:01 INFO  Log:22 - The username and password are invalid text is displayed successfully
2024-11-15 20:31:01 INFO  Log:15 - =====================================verifyInvalidUserandPwdtext TEST END=========================================
2024-11-15 20:31:01 INFO  Log:11 - =====================================verifyInvalidUserandPwdtext TEST START=========================================
2024-11-15 20:31:01 INFO  Log:22 - Verifying the username and password are invalid text is displayed
2024-11-15 20:31:01 INFO  Log:22 - Executing the enterData keyword
2024-11-15 20:31:01 INFO  Log:22 - The admin@ad123 is trying to enter for the element [[ChromeDriver: chrome on windows (6cbbe9e59f50e51f99f0caae3a1b1459)] -> xpath: //input[@formcontrolname='email']]
2024-11-15 20:31:03 INFO  Log:22 - The admin@ad123 is entered successfully for the element [[ChromeDriver: chrome on windows (6cbbe9e59f50e51f99f0caae3a1b1459)] -> xpath: //input[@formcontrolname='email']]
2024-11-15 20:31:03 INFO  Log:22 - The enterData keyword executed successfully
2024-11-15 20:31:03 INFO  Log:22 - Executing the enterData keyword
2024-11-15 20:31:03 INFO  Log:22 - The 123.0 is trying to enter for the element [[ChromeDriver: chrome on windows (6cbbe9e59f50e51f99f0caae3a1b1459)] -> xpath: //input[@formcontrolname='password']]
2024-11-15 20:31:04 INFO  Log:22 - The 123.0 is entered successfully for the element [[ChromeDriver: chrome on windows (6cbbe9e59f50e51f99f0caae3a1b1459)] -> xpath: //input[@formcontrolname='password']]
2024-11-15 20:31:04 INFO  Log:22 - The enterData keyword executed successfully
2024-11-15 20:31:06 INFO  Log:22 - Executing the click keyword
2024-11-15 20:31:06 INFO  Log:22 - The [[ChromeDriver: chrome on windows (6cbbe9e59f50e51f99f0caae3a1b1459)] -> xpath: //button[@id='kt_login_signin_submit']] is trying to click
2024-11-15 20:31:06 INFO  Log:22 - The [[ChromeDriver: chrome on windows (6cbbe9e59f50e51f99f0caae3a1b1459)] -> xpath: //button[@id='kt_login_signin_submit']] is clicked successfully
2024-11-15 20:31:06 INFO  Log:22 - The click keyword executed successfully
2024-11-15 20:31:09 INFO  Log:22 - The username and password are invalid text is displayed successfully
2024-11-15 20:31:09 INFO  Log:15 - =====================================verifyInvalidUserandPwdtext TEST END=========================================
2024-11-15 20:31:10 INFO  Log:11 - =====================================verifyLoginsuccess TEST START=========================================
2024-11-15 20:31:10 INFO  Log:22 - Verifying the user has been logged in
2024-11-15 20:31:10 INFO  Log:22 - Executing the enterData keyword
2024-11-15 20:31:10 INFO  Log:22 - The cjr@convergentechnologies.com is trying to enter for the element [[ChromeDriver: chrome on windows (6cbbe9e59f50e51f99f0caae3a1b1459)] -> xpath: //input[@formcontrolname='email']]
2024-11-15 20:31:11 INFO  Log:22 - The cjr@convergentechnologies.com is entered successfully for the element [[ChromeDriver: chrome on windows (6cbbe9e59f50e51f99f0caae3a1b1459)] -> xpath: //input[@formcontrolname='email']]
2024-11-15 20:31:11 INFO  Log:22 - The enterData keyword executed successfully
2024-11-15 20:31:11 INFO  Log:22 - Executing the enterData keyword
2024-11-15 20:31:11 INFO  Log:22 - The Test@123 is trying to enter for the element [[ChromeDriver: chrome on windows (6cbbe9e59f50e51f99f0caae3a1b1459)] -> xpath: //input[@formcontrolname='password']]
2024-11-15 20:31:12 INFO  Log:22 - The Test@123 is entered successfully for the element [[ChromeDriver: chrome on windows (6cbbe9e59f50e51f99f0caae3a1b1459)] -> xpath: //input[@formcontrolname='password']]
2024-11-15 20:31:12 INFO  Log:22 - The enterData keyword executed successfully
2024-11-15 20:31:14 INFO  Log:22 - Executing the click keyword
2024-11-15 20:31:14 INFO  Log:22 - The [[ChromeDriver: chrome on windows (6cbbe9e59f50e51f99f0caae3a1b1459)] -> xpath: //button[@id='kt_login_signin_submit']] is trying to click
2024-11-15 20:31:15 INFO  Log:22 - The [[ChromeDriver: chrome on windows (6cbbe9e59f50e51f99f0caae3a1b1459)] -> xpath: //button[@id='kt_login_signin_submit']] is clicked successfully
2024-11-15 20:31:15 INFO  Log:22 - The click keyword executed successfully
2024-11-15 20:31:18 INFO  Log:22 - The user has been logged in successfully
2024-11-15 20:31:18 INFO  Log:15 - =====================================verifyLoginsuccess TEST END=========================================
2024-11-15 20:31:18 DEBUG cache:45 - Couldn't find template in cache for "v3html/v3-html-index.ftl"("en", UTF-8, parsed); will try to load it.
2024-11-15 20:31:18 DEBUG cache:45 - TemplateLoader.findTemplateSource("v3html/v3-html-index_en.ftl"): Not found
2024-11-15 20:31:18 DEBUG cache:45 - TemplateLoader.findTemplateSource("v3html/v3-html-index.ftl"): Found
2024-11-15 20:31:18 DEBUG cache:45 - Loading template for "v3html/v3-html-index.ftl"("en", UTF-8, parsed) from "jar:file:/C:/Users/anilA/.m2/repository/com/aventstack/extentreports/4.0.9/extentreports-4.0.9.jar!/com/aventstack/extentreports/view/v3html/v3-html-index.ftl"
2024-11-15 20:31:18 DEBUG cache:45 - Couldn't find template in cache for "v3html/v3-html-head.ftl"("en", UTF-8, parsed); will try to load it.
2024-11-15 20:31:18 DEBUG cache:45 - TemplateLoader.findTemplateSource("v3html/v3-html-head_en.ftl"): Not found
2024-11-15 20:31:18 DEBUG cache:45 - TemplateLoader.findTemplateSource("v3html/v3-html-head.ftl"): Found
2024-11-15 20:31:18 DEBUG cache:45 - Loading template for "v3html/v3-html-head.ftl"("en", UTF-8, parsed) from "jar:file:/C:/Users/anilA/.m2/repository/com/aventstack/extentreports/4.0.9/extentreports-4.0.9.jar!/com/aventstack/extentreports/view/v3html/v3-html-head.ftl"
2024-11-15 20:31:18 DEBUG cache:45 - Couldn't find template in cache for "v3html/v3-html-nav.ftl"("en", UTF-8, parsed); will try to load it.
2024-11-15 20:31:18 DEBUG cache:45 - TemplateLoader.findTemplateSource("v3html/v3-html-nav_en.ftl"): Not found
2024-11-15 20:31:18 DEBUG cache:45 - TemplateLoader.findTemplateSource("v3html/v3-html-nav.ftl"): Found
2024-11-15 20:31:18 DEBUG cache:45 - Loading template for "v3html/v3-html-nav.ftl"("en", UTF-8, parsed) from "jar:file:/C:/Users/anilA/.m2/repository/com/aventstack/extentreports/4.0.9/extentreports-4.0.9.jar!/com/aventstack/extentreports/view/v3html/v3-html-nav.ftl"
2024-11-15 20:31:18 DEBUG cache:45 - Couldn't find template in cache for "v3html/test-view/v3-html-test-view.ftl"("en", UTF-8, parsed); will try to load it.
2024-11-15 20:31:18 DEBUG cache:45 - TemplateLoader.findTemplateSource("v3html/test-view/v3-html-test-view_en.ftl"): Not found
2024-11-15 20:31:18 DEBUG cache:45 - TemplateLoader.findTemplateSource("v3html/test-view/v3-html-test-view.ftl"): Found
2024-11-15 20:31:18 DEBUG cache:45 - Loading template for "v3html/test-view/v3-html-test-view.ftl"("en", UTF-8, parsed) from "jar:file:/C:/Users/anilA/.m2/repository/com/aventstack/extentreports/4.0.9/extentreports-4.0.9.jar!/com/aventstack/extentreports/view/v3html/test-view/v3-html-test-view.ftl"
2024-11-15 20:31:18 DEBUG cache:45 - Couldn't find template in cache for "v3html/test-view/v3-html-test-view-charts.ftl"("en", UTF-8, parsed); will try to load it.
2024-11-15 20:31:18 DEBUG cache:45 - TemplateLoader.findTemplateSource("v3html/test-view/v3-html-test-view-charts_en.ftl"): Not found
2024-11-15 20:31:18 DEBUG cache:45 - TemplateLoader.findTemplateSource("v3html/test-view/v3-html-test-view-charts.ftl"): Found
2024-11-15 20:31:18 DEBUG cache:45 - Loading template for "v3html/test-view/v3-html-test-view-charts.ftl"("en", UTF-8, parsed) from "jar:file:/C:/Users/anilA/.m2/repository/com/aventstack/extentreports/4.0.9/extentreports-4.0.9.jar!/com/aventstack/extentreports/view/v3html/test-view/v3-html-test-view-charts.ftl"
2024-11-15 20:31:18 DEBUG cache:45 - Couldn't find template in cache for "v3html/test-view/v3-html-standard.ftl"("en", UTF-8, parsed); will try to load it.
2024-11-15 20:31:18 DEBUG cache:45 - TemplateLoader.findTemplateSource("v3html/test-view/v3-html-standard_en.ftl"): Not found
2024-11-15 20:31:18 DEBUG cache:45 - TemplateLoader.findTemplateSource("v3html/test-view/v3-html-standard.ftl"): Found
2024-11-15 20:31:18 DEBUG cache:45 - Loading template for "v3html/test-view/v3-html-standard.ftl"("en", UTF-8, parsed) from "jar:file:/C:/Users/anilA/.m2/repository/com/aventstack/extentreports/4.0.9/extentreports-4.0.9.jar!/com/aventstack/extentreports/view/v3html/test-view/v3-html-standard.ftl"
2024-11-15 20:31:18 DEBUG cache:45 - "v3html/test-view/v3-html-standard.ftl"("en", UTF-8, parsed) cached copy not yet stale; using cached.
2024-11-15 20:31:18 DEBUG cache:45 - "v3html/test-view/v3-html-standard.ftl"("en", UTF-8, parsed) cached copy not yet stale; using cached.
2024-11-15 20:31:18 DEBUG cache:45 - "v3html/test-view/v3-html-standard.ftl"("en", UTF-8, parsed) cached copy not yet stale; using cached.
2024-11-15 20:31:18 DEBUG cache:45 - "v3html/test-view/v3-html-standard.ftl"("en", UTF-8, parsed) cached copy not yet stale; using cached.
2024-11-15 20:31:18 DEBUG cache:45 - "v3html/test-view/v3-html-standard.ftl"("en", UTF-8, parsed) cached copy not yet stale; using cached.
2024-11-15 20:31:18 DEBUG cache:45 - "v3html/test-view/v3-html-standard.ftl"("en", UTF-8, parsed) cached copy not yet stale; using cached.
2024-11-15 20:31:18 DEBUG cache:45 - "v3html/test-view/v3-html-standard.ftl"("en", UTF-8, parsed) cached copy not yet stale; using cached.
2024-11-15 20:31:18 DEBUG cache:45 - "v3html/test-view/v3-html-standard.ftl"("en", UTF-8, parsed) cached copy not yet stale; using cached.
2024-11-15 20:31:18 DEBUG cache:45 - "v3html/test-view/v3-html-standard.ftl"("en", UTF-8, parsed) cached copy not yet stale; using cached.
2024-11-15 20:31:18 DEBUG cache:45 - "v3html/test-view/v3-html-standard.ftl"("en", UTF-8, parsed) cached copy not yet stale; using cached.
2024-11-15 20:31:18 DEBUG cache:45 - Couldn't find template in cache for "v3html/category-view/v3-html-category-view.ftl"("en", UTF-8, parsed); will try to load it.
2024-11-15 20:31:18 DEBUG cache:45 - TemplateLoader.findTemplateSource("v3html/category-view/v3-html-category-view_en.ftl"): Not found
2024-11-15 20:31:18 DEBUG cache:45 - TemplateLoader.findTemplateSource("v3html/category-view/v3-html-category-view.ftl"): Found
2024-11-15 20:31:18 DEBUG cache:45 - Loading template for "v3html/category-view/v3-html-category-view.ftl"("en", UTF-8, parsed) from "jar:file:/C:/Users/anilA/.m2/repository/com/aventstack/extentreports/4.0.9/extentreports-4.0.9.jar!/com/aventstack/extentreports/view/v3html/category-view/v3-html-category-view.ftl"
2024-11-15 20:31:18 DEBUG cache:45 - Couldn't find template in cache for "v3html/exception-view/v3-html-exception-view.ftl"("en", UTF-8, parsed); will try to load it.
2024-11-15 20:31:18 DEBUG cache:45 - TemplateLoader.findTemplateSource("v3html/exception-view/v3-html-exception-view_en.ftl"): Not found
2024-11-15 20:31:18 DEBUG cache:45 - TemplateLoader.findTemplateSource("v3html/exception-view/v3-html-exception-view.ftl"): Found
2024-11-15 20:31:18 DEBUG cache:45 - Loading template for "v3html/exception-view/v3-html-exception-view.ftl"("en", UTF-8, parsed) from "jar:file:/C:/Users/anilA/.m2/repository/com/aventstack/extentreports/4.0.9/extentreports-4.0.9.jar!/com/aventstack/extentreports/view/v3html/exception-view/v3-html-exception-view.ftl"
2024-11-15 20:31:18 DEBUG cache:45 - Couldn't find template in cache for "v3html/author-view/v3-html-author-view.ftl"("en", UTF-8, parsed); will try to load it.
2024-11-15 20:31:18 DEBUG cache:45 - TemplateLoader.findTemplateSource("v3html/author-view/v3-html-author-view_en.ftl"): Not found
2024-11-15 20:31:18 DEBUG cache:45 - TemplateLoader.findTemplateSource("v3html/author-view/v3-html-author-view.ftl"): Found
2024-11-15 20:31:18 DEBUG cache:45 - Loading template for "v3html/author-view/v3-html-author-view.ftl"("en", UTF-8, parsed) from "jar:file:/C:/Users/anilA/.m2/repository/com/aventstack/extentreports/4.0.9/extentreports-4.0.9.jar!/com/aventstack/extentreports/view/v3html/author-view/v3-html-author-view.ftl"
2024-11-15 20:31:18 DEBUG cache:45 - Couldn't find template in cache for "v3html/dashboard-view/v3-html-dashboard-view.ftl"("en", UTF-8, parsed); will try to load it.
2024-11-15 20:31:18 DEBUG cache:45 - TemplateLoader.findTemplateSource("v3html/dashboard-view/v3-html-dashboard-view_en.ftl"): Not found
2024-11-15 20:31:18 DEBUG cache:45 - TemplateLoader.findTemplateSource("v3html/dashboard-view/v3-html-dashboard-view.ftl"): Found
2024-11-15 20:31:18 DEBUG cache:45 - Loading template for "v3html/dashboard-view/v3-html-dashboard-view.ftl"("en", UTF-8, parsed) from "jar:file:/C:/Users/anilA/.m2/repository/com/aventstack/extentreports/4.0.9/extentreports-4.0.9.jar!/com/aventstack/extentreports/view/v3html/dashboard-view/v3-html-dashboard-view.ftl"
2024-11-15 20:31:18 DEBUG cache:45 - Couldn't find template in cache for "v3html/logs-view/v3-html-testrunner-logs-view.ftl"("en", UTF-8, parsed); will try to load it.
2024-11-15 20:31:18 DEBUG cache:45 - TemplateLoader.findTemplateSource("v3html/logs-view/v3-html-testrunner-logs-view_en.ftl"): Not found
2024-11-15 20:31:18 DEBUG cache:45 - TemplateLoader.findTemplateSource("v3html/logs-view/v3-html-testrunner-logs-view.ftl"): Found
2024-11-15 20:31:18 DEBUG cache:45 - Loading template for "v3html/logs-view/v3-html-testrunner-logs-view.ftl"("en", UTF-8, parsed) from "jar:file:/C:/Users/anilA/.m2/repository/com/aventstack/extentreports/4.0.9/extentreports-4.0.9.jar!/com/aventstack/extentreports/view/v3html/logs-view/v3-html-testrunner-logs-view.ftl"
